[debug] [2018-01-29T16:13:53.675Z] ----------------------------------------------------------------------
[debug] [2018-01-29T16:13:53.677Z] Command:       /Users/ohabash/.nvm/versions/node/v6.9.0/bin/node /Users/ohabash/.nvm/versions/node/v6.9.0/bin/firebase deploy
[debug] [2018-01-29T16:13:53.678Z] CLI Version:   3.16.0
[debug] [2018-01-29T16:13:53.678Z] Platform:      darwin
[debug] [2018-01-29T16:13:53.678Z] Node Version:  v6.9.0
[debug] [2018-01-29T16:13:53.678Z] Time:          Mon Jan 29 2018 10:13:53 GMT-0600 (CST)
[debug] [2018-01-29T16:13:53.678Z] ----------------------------------------------------------------------
[debug] 
[debug] [2018-01-29T16:13:53.693Z] > command requires scopes: ["email","openid","https://www.googleapis.com/auth/cloudplatformprojects.readonly","https://www.googleapis.com/auth/firebase","https://www.googleapis.com/auth/cloud-platform"]
[debug] [2018-01-29T16:13:53.693Z] > authorizing via signed-in user
[debug] [2018-01-29T16:13:53.696Z] > refreshing access token with scopes: ["email","https://www.googleapis.com/auth/cloud-platform","https://www.googleapis.com/auth/cloudplatformprojects.readonly","https://www.googleapis.com/auth/firebase","openid"]
[debug] [2018-01-29T16:13:53.696Z] >>> HTTP REQUEST POST https://www.googleapis.com/oauth2/v3/token  
 { refresh_token: '1/4n-Bt0KR6_FcH9pOQUsoJ2OI-UH59-15QgX6bco2O8Adp8qTZWFiIoJ9HGOvmq5y',
  client_id: '563584335869-fgrhgmd47bqnekij5i8b5pr03ho849e6.apps.googleusercontent.com',
  client_secret: 'j9iVZfS8kkCEFUPaAeJV0sAi',
  grant_type: 'refresh_token',
  scope: 'email https://www.googleapis.com/auth/cloud-platform https://www.googleapis.com/auth/cloudplatformprojects.readonly https://www.googleapis.com/auth/firebase openid' } 
 Mon Jan 29 2018 10:13:53 GMT-0600 (CST)
[debug] [2018-01-29T16:13:56.893Z] <<< HTTP RESPONSE 200
[debug] [2018-01-29T16:13:56.897Z] >>> HTTP REQUEST GET https://admin.firebase.com/v1/projects/portfolio-ca685  
  
 Mon Jan 29 2018 10:13:56 GMT-0600 (CST)
[debug] [2018-01-29T16:13:57.583Z] <<< HTTP RESPONSE 200
[debug] [2018-01-29T16:13:57.584Z] >>> HTTP REQUEST GET https://admin.firebase.com/v1/database/portfolio-ca685/tokens  
  
 Mon Jan 29 2018 10:13:57 GMT-0600 (CST)
[debug] [2018-01-29T16:14:11.149Z] Error: read ECONNRESET
    at exports._errnoException (util.js:1026:11)
    at TLSWrap.onread (net.js:569:26)
[error] 
[error] Error: Server Error. read ECONNRESET
